<?xml version="1.0" encoding="UTF-8"?>
<!-- Generated by org.testng.reporters.JUnitXMLReporter -->
<testsuite hostname="NavaTeja-PC" ignored="0" name="Default test" tests="3" failures="0" timestamp="01 Feb 2019 05:59:42 GMT" time="0.11" errors="0">
  <testcase name="testPriorityEecution1" time="0.014" classname="TestNG.PriorityEecution"/>
  <testcase name="testPriorityEecution2" time="0.004" classname="TestNG.PriorityEecution"/>
  <testcase name="testPriorityEecution3" time="0.002" classname="TestNG.PriorityEecution"/>
</testsuite> <!-- Default test -->
